{
  "RSpec": {
    "coverage": {
      "/Users/redmondlhota/arcadia/arcadia-throne-war/spec/models/auction_spec.rb": [
        1,
        null,
        1,
        1,
        null,
        2,
        2,
        2,
        2,
        2,
        null,
        null,
        1,
        4,
        null,
        2,
        1,
        1,
        null,
        1,
        1,
        null,
        null,
        null
      ],
      "/Users/redmondlhota/arcadia/arcadia-throne-war/spec/rails_helper.rb": [
        null,
        1,
        1,
        1,
        1,
        null,
        null,
        null,
        null,
        null,
        null,
        null,
        null,
        null,
        null,
        null,
        null,
        null,
        null,
        null,
        null,
        null,
        null,
        null,
        1,
        null,
        1,
        null,
        1,
        null,
        null,
        null,
        null,
        1,
        null,
        null,
        null,
        null,
        null,
        null,
        null,
        null,
        null,
        null,
        null,
        null,
        null,
        null,
        1,
        null
      ],
      "/Users/redmondlhota/arcadia/arcadia-throne-war/config/environment.rb": [
        null,
        1,
        null,
        null,
        1
      ],
      "/Users/redmondlhota/arcadia/arcadia-throne-war/config/application.rb": [
        1,
        null,
        null,
        1,
        1,
        1,
        1,
        1,
        1,
        1,
        null,
        null,
        null,
        null,
        1,
        null,
        1,
        1,
        null,
        null,
        null,
        null,
        null,
        null,
        null,
        null,
        null,
        null,
        null,
        null,
        null,
        1,
        null,
        null
      ],
      "/Users/redmondlhota/arcadia/arcadia-throne-war/config/boot.rb": [
        1,
        null,
        1
      ],
      "/Users/redmondlhota/arcadia/arcadia-throne-war/config/environments/test.rb": [
        1,
        null,
        null,
        null,
        null,
        null,
        null,
        1,
        null,
        null,
        null,
        null,
        1,
        null,
        null,
        1,
        1,
        null,
        null,
        1,
        1,
        null,
        null,
        1,
        null,
        null,
        1,
        null,
        null,
        null,
        null,
        1,
        null,
        null,
        1,
        null,
        null,
        1,
        null,
        null,
        null,
        null
      ],
      "/Users/redmondlhota/arcadia/arcadia-throne-war/config/initializers/assets.rb": [
        null,
        null,
        null,
        1,
        null,
        null,
        null,
        null,
        null,
        null,
        null
      ],
      "/Users/redmondlhota/arcadia/arcadia-throne-war/config/initializers/backtrace_silencers.rb": [
        null,
        null,
        null,
        null,
        null,
        null,
        null
      ],
      "/Users/redmondlhota/arcadia/arcadia-throne-war/config/initializers/cookies_serializer.rb": [
        null,
        null,
        1
      ],
      "/Users/redmondlhota/arcadia/arcadia-throne-war/config/initializers/filter_parameter_logging.rb": [
        null,
        null,
        null,
        1
      ],
      "/Users/redmondlhota/arcadia/arcadia-throne-war/config/initializers/inflections.rb": [
        null,
        null,
        null,
        null,
        null,
        null,
        null,
        null,
        null,
        null,
        null,
        null,
        null,
        null,
        null,
        null
      ],
      "/Users/redmondlhota/arcadia/arcadia-throne-war/config/initializers/mime_types.rb": [
        null,
        null,
        null,
        null
      ],
      "/Users/redmondlhota/arcadia/arcadia-throne-war/config/initializers/session_store.rb": [
        null,
        null,
        1
      ],
      "/Users/redmondlhota/arcadia/arcadia-throne-war/config/initializers/wrap_parameters.rb": [
        null,
        null,
        null,
        null,
        null,
        null,
        1,
        1,
        null,
        null,
        null,
        null,
        null,
        null
      ],
      "/Users/redmondlhota/arcadia/arcadia-throne-war/spec/factories/auctions.rb": [
        1,
        1,
        1,
        null,
        null
      ],
      "/Users/redmondlhota/arcadia/arcadia-throne-war/spec/factories/pledges.rb": [
        1,
        1,
        1,
        1,
        null,
        null,
        null,
        null
      ],
      "/Users/redmondlhota/arcadia/arcadia-throne-war/spec/factories/rounds.rb": [
        1,
        1,
        1,
        1,
        null,
        null
      ],
      "/Users/redmondlhota/arcadia/arcadia-throne-war/spec/factories/users.rb": [
        1,
        1,
        1,
        1,
        1,
        1,
        null,
        null
      ],
      "/Users/redmondlhota/arcadia/arcadia-throne-war/config/routes.rb": [
        1,
        null,
        null,
        null,
        null,
        null,
        null,
        null,
        null,
        null,
        null,
        null,
        null,
        null,
        null,
        null,
        null,
        null,
        null,
        null,
        null,
        null,
        null,
        null,
        null,
        null,
        null,
        null,
        null,
        null,
        null,
        null,
        null,
        null,
        null,
        null,
        null,
        null,
        null,
        null,
        null,
        null,
        null,
        null,
        null,
        null,
        null,
        null,
        null,
        null,
        null,
        null,
        null,
        null,
        null,
        null
      ],
      "/Users/redmondlhota/arcadia/arcadia-throne-war/app/helpers/application_helper.rb": [
        1,
        null
      ],
      "/Users/redmondlhota/arcadia/arcadia-throne-war/app/models/auction.rb": [
        1,
        null,
        1,
        1,
        1,
        1,
        1,
        null,
        1,
        null,
        null
      ],
      "/Users/redmondlhota/arcadia/arcadia-throne-war/spec/models/character_spec.rb": [
        1,
        null,
        1,
        1,
        null
      ],
      "/Users/redmondlhota/arcadia/arcadia-throne-war/app/models/character.rb": [
        1,
        1,
        1,
        null,
        1,
        1,
        null
      ],
      "/Users/redmondlhota/arcadia/arcadia-throne-war/spec/models/game_spec.rb": [
        1,
        null,
        1,
        1,
        null
      ],
      "/Users/redmondlhota/arcadia/arcadia-throne-war/app/models/game.rb": [
        1,
        1,
        1,
        null,
        1,
        1,
        null
      ],
      "/Users/redmondlhota/arcadia/arcadia-throne-war/spec/models/item_spec.rb": [
        1,
        null,
        1,
        1,
        null
      ],
      "/Users/redmondlhota/arcadia/arcadia-throne-war/app/models/item.rb": [
        1,
        null,
        1,
        null,
        1,
        1,
        null
      ],
      "/Users/redmondlhota/arcadia/arcadia-throne-war/spec/models/pledge_spec.rb": [
        1,
        null,
        1,
        1,
        null
      ],
      "/Users/redmondlhota/arcadia/arcadia-throne-war/app/models/pledge.rb": [
        1,
        null,
        1,
        1,
        1,
        null,
        1,
        null,
        null
      ],
      "/Users/redmondlhota/arcadia/arcadia-throne-war/spec/models/round_spec.rb": [
        1,
        null,
        1,
        1,
        null,
        2,
        2,
        2,
        2,
        null,
        null,
        1,
        3,
        null,
        2,
        2,
        null,
        null
      ],
      "/Users/redmondlhota/arcadia/arcadia-throne-war/app/models/round.rb": [
        1,
        1,
        1,
        1,
        1,
        null,
        1,
        null,
        null
      ],
      "/Users/redmondlhota/arcadia/arcadia-throne-war/spec/models/user_spec.rb": [
        1,
        null,
        1,
        null,
        1,
        null,
        2,
        null,
        null,
        1,
        7,
        null,
        2,
        null,
        2,
        null,
        2,
        null,
        2,
        null,
        2,
        null,
        2,
        null,
        null,
        1,
        4,
        null,
        1,
        1,
        null,
        null,
        1,
        1,
        null,
        null,
        1,
        1,
        null,
        null,
        null
      ],
      "/Users/redmondlhota/arcadia/arcadia-throne-war/app/models/user.rb": [
        1,
        1,
        null,
        1,
        1,
        null,
        6,
        null,
        1,
        3,
        null,
        null,
        1,
        9,
        9,
        null,
        null,
        1,
        2,
        2,
        null,
        null,
        null
      ]
    },
    "timestamp": 1429749828
  }
}
